[ 2012-10-06T01:33:34+08:00 ] 127.0.0.1 /index.php?m=Admin&c=Index&a=init
NOTIC: [2] mkdir() [<a href='function.mkdir'>function.mkdir</a>]: File exists D:\Intpub\wwwroot\www.x.com\ThinkPHP\Lib\Core\App.class.php 第 249 行.
INFO: [ app_begin ] --START--
INFO: Run ReadHtmlCache Behavior [ RunTime:0.000854s ]
INFO: [ app_begin ] --END-- [ RunTime:0.000935s ]
INFO: [ view_parse ] --START--
INFO: Run ParseTemplate Behavior [ RunTime:-0.020259s ]
INFO: [ view_parse ] --END-- [ RunTime:0.015512s ]
INFO: [ view_filter ] --START--
INFO: Run ContentReplace Behavior [ RunTime:-0.035804s ]
INFO: Run TokenBuild Behavior [ RunTime:-0.036417s ]
INFO: Run WriteHtmlCache Behavior [ RunTime:-0.037043s ]
INFO: Run ShowRuntime Behavior [ RunTime:-0.037549s ]
INFO: [ view_filter ] --END-- [ RunTime:0.002596s ]
INFO: [ view_end ] --START--
INFO: Run ShowPageTrace Behavior [ RunTime:-0.038468s ]
INFO: [ view_end ] --END-- [ RunTime:0.001136s ]

[ 2012-10-06T01:39:45+08:00 ] 127.0.0.1 /index.php?m=Admin&c=Index&a=init
INFO: [ app_begin ] --START--
INFO: Run ReadHtmlCache Behavior [ RunTime:0.001394s ]
INFO: [ app_begin ] --END-- [ RunTime:0.001697s ]
INFO: [ view_parse ] --START--
INFO: Run ParseTemplate Behavior [ RunTime:-0.005460s ]
INFO: [ view_parse ] --END-- [ RunTime:0.010957s ]
INFO: [ view_filter ] --START--
INFO: Run ContentReplace Behavior [ RunTime:-0.016383s ]
INFO: Run TokenBuild Behavior [ RunTime:-0.017342s ]
INFO: Run WriteHtmlCache Behavior [ RunTime:-0.018328s ]
INFO: Run ShowRuntime Behavior [ RunTime:-0.019020s ]
INFO: [ view_filter ] --END-- [ RunTime:0.003494s ]
INFO: [ view_end ] --START--
INFO: Run ShowPageTrace Behavior [ RunTime:-0.019936s ]
INFO: [ view_end ] --END-- [ RunTime:0.000922s ]

[ 2012-10-06T01:39:46+08:00 ] 127.0.0.1 /index.php?m=Admin&c=Index&a=init
INFO: [ app_begin ] --START--
INFO: Run ReadHtmlCache Behavior [ RunTime:0.000638s ]
INFO: [ app_begin ] --END-- [ RunTime:0.000730s ]
INFO: [ view_parse ] --START--
INFO: Run ParseTemplate Behavior [ RunTime:-0.001015s ]
INFO: [ view_parse ] --END-- [ RunTime:0.008348s ]
INFO: [ view_filter ] --START--
INFO: Run ContentReplace Behavior [ RunTime:-0.009387s ]
INFO: Run TokenBuild Behavior [ RunTime:-0.009754s ]
INFO: Run WriteHtmlCache Behavior [ RunTime:-0.010096s ]
INFO: Run ShowRuntime Behavior [ RunTime:-0.010329s ]
INFO: [ view_filter ] --END-- [ RunTime:0.001376s ]
INFO: [ view_end ] --START--
INFO: Run ShowPageTrace Behavior [ RunTime:-0.010806s ]
INFO: [ view_end ] --END-- [ RunTime:0.000576s ]

[ 2012-10-06T01:50:32+08:00 ] 127.0.0.1 /index.php?m=Admin&c=Index&a=init
INFO: [ app_begin ] --START--
INFO: Run ReadHtmlCache Behavior [ RunTime:0.001065s ]
INFO: [ app_begin ] --END-- [ RunTime:0.001241s ]
INFO: [ view_parse ] --START--
INFO: Run ParseTemplate Behavior [ RunTime:-0.001509s ]
INFO: [ view_parse ] --END-- [ RunTime:0.009796s ]
INFO: [ view_filter ] --START--
INFO: Run ContentReplace Behavior [ RunTime:-0.011339s ]
INFO: Run TokenBuild Behavior [ RunTime:-0.012500s ]
INFO: Run WriteHtmlCache Behavior [ RunTime:-0.013290s ]
INFO: Run ShowRuntime Behavior [ RunTime:-0.013800s ]
INFO: [ view_filter ] --END-- [ RunTime:0.003500s ]
INFO: [ view_end ] --START--
INFO: Run ShowPageTrace Behavior [ RunTime:-0.014908s ]
INFO: [ view_end ] --END-- [ RunTime:0.000851s ]

[ 2012-10-06T01:50:34+08:00 ] 127.0.0.1 /index.php?m=Admin&c=Index&a=init
INFO: [ app_begin ] --START--
INFO: Run ReadHtmlCache Behavior [ RunTime:0.000949s ]
INFO: [ app_begin ] --END-- [ RunTime:0.001073s ]
INFO: [ view_parse ] --START--
INFO: Run ParseTemplate Behavior [ RunTime:-0.001275s ]
INFO: [ view_parse ] --END-- [ RunTime:0.012226s ]
INFO: [ view_filter ] --START--
INFO: Run ContentReplace Behavior [ RunTime:-0.013519s ]
INFO: Run TokenBuild Behavior [ RunTime:-0.014061s ]
INFO: Run WriteHtmlCache Behavior [ RunTime:-0.014536s ]
INFO: Run ShowRuntime Behavior [ RunTime:-0.014817s ]
INFO: [ view_filter ] --END-- [ RunTime:0.001783s ]
INFO: [ view_end ] --START--
INFO: Run ShowPageTrace Behavior [ RunTime:-0.015350s ]
INFO: [ view_end ] --END-- [ RunTime:0.000762s ]

[ 2012-10-06T01:50:36+08:00 ] 127.0.0.1 /index.php?m=Admin&c=Index&a=init
INFO: [ app_begin ] --START--
INFO: Run ReadHtmlCache Behavior [ RunTime:0.000666s ]
INFO: [ app_begin ] --END-- [ RunTime:0.000761s ]
INFO: [ view_parse ] --START--
INFO: Run ParseTemplate Behavior [ RunTime:-0.000828s ]
INFO: [ view_parse ] --END-- [ RunTime:0.006397s ]
INFO: [ view_filter ] --START--
INFO: Run ContentReplace Behavior [ RunTime:-0.007257s ]
INFO: Run TokenBuild Behavior [ RunTime:-0.007647s ]
INFO: Run WriteHtmlCache Behavior [ RunTime:-0.008033s ]
INFO: Run ShowRuntime Behavior [ RunTime:-0.008284s ]
INFO: [ view_filter ] --END-- [ RunTime:0.001460s ]
INFO: [ view_end ] --START--
INFO: Run ShowPageTrace Behavior [ RunTime:-0.008764s ]
INFO: [ view_end ] --END-- [ RunTime:0.000773s ]

[ 2012-10-06T02:40:40+08:00 ] ERR: [1] Class 'pc_base' not found D:\Intpub\wwwroot\www.x.com\Apps\Modules\Admin\Action\IndexAction.class.php 第 3 行.
[ 2012-10-06T02:41:40+08:00 ] ERR: [1] Class 'pc_base' not found D:\Intpub\wwwroot\www.x.com\Apps\Modules\Admin\Action\IndexAction.class.php 第 3 行.
[ 2012-10-06T02:41:43+08:00 ] ERR: [1] Class 'pc_base' not found D:\Intpub\wwwroot\www.x.com\Apps\Modules\Admin\Action\IndexAction.class.php 第 3 行.
[ 2012-10-06T02:41:45+08:00 ] ERR: [1] Class 'pc_base' not found D:\Intpub\wwwroot\www.x.com\Apps\Modules\Admin\Action\IndexAction.class.php 第 3 行.
[ 2012-10-06T03:01:57+08:00 ] ERR: [1] Class 'pc_base' not found D:\Intpub\wwwroot\www.x.com\Apps\Lib\Util\Admin.class.php 第 3 行.
[ 2012-10-06T03:02:01+08:00 ] ERR: [1] Class 'pc_base' not found D:\Intpub\wwwroot\www.x.com\Apps\Lib\Util\Admin.class.php 第 3 行.
[ 2012-10-06T03:02:02+08:00 ] ERR: [1] Class 'pc_base' not found D:\Intpub\wwwroot\www.x.com\Apps\Lib\Util\Admin.class.php 第 3 行.
[ 2012-10-06T03:02:02+08:00 ] ERR: [1] Class 'pc_base' not found D:\Intpub\wwwroot\www.x.com\Apps\Lib\Util\Admin.class.php 第 3 行.
[ 2012-10-06T03:02:02+08:00 ] ERR: [1] Class 'pc_base' not found D:\Intpub\wwwroot\www.x.com\Apps\Lib\Util\Admin.class.php 第 3 行.
[ 2012-10-06T03:02:02+08:00 ] ERR: [1] Class 'pc_base' not found D:\Intpub\wwwroot\www.x.com\Apps\Lib\Util\Admin.class.php 第 3 行.
[ 2012-10-06T03:02:57+08:00 ] ERR: [1] Class 'pc_base' not found D:\Intpub\wwwroot\www.x.com\Apps\Lib\Util\Admin.class.php 第 3 行.
[ 2012-10-06T08:21:42+08:00 ] ERR: [1] Class 'pc_base' not found D:\Intpub\wwwroot\www.x.com\Apps\Lib\Util\Admin.class.php 第 3 行.
